<?xml version="1.0" encoding="UTF-8"?>
<testsuite name="jpabook.jpashop.MemberRepositoryTest" tests="1" skipped="0" failures="0" errors="0" timestamp="2021-06-13T16:27:26" hostname="JUNY-DESKTOP" time="0.303">
  <properties/>
  <testcase name="testMember" classname="jpabook.jpashop.MemberRepositoryTest" time="0.303"/>
  <system-out><![CDATA[01:27:22.906 [Test worker] DEBUG org.springframework.test.annotation.ProfileValueUtils - Retrieved @ProfileValueSourceConfiguration [null] for test class [jpabook.jpashop.MemberRepositoryTest]
01:27:22.907 [Test worker] DEBUG org.springframework.test.annotation.ProfileValueUtils - Retrieved ProfileValueSource type [class org.springframework.test.annotation.SystemProfileValueSource] for class [jpabook.jpashop.MemberRepositoryTest]
01:27:22.907 [Test worker] DEBUG org.springframework.test.annotation.ProfileValueUtils - Retrieved @ProfileValueSourceConfiguration [null] for test class [jpabook.jpashop.MemberRepositoryTest]
01:27:22.907 [Test worker] DEBUG org.springframework.test.annotation.ProfileValueUtils - Retrieved ProfileValueSource type [class org.springframework.test.annotation.SystemProfileValueSource] for class [jpabook.jpashop.MemberRepositoryTest]
01:27:22.912 [Test worker] DEBUG org.springframework.test.context.support.AbstractDirtiesContextTestExecutionListener - Before test class: context [DefaultTestContext@197fb943 testClass = MemberRepositoryTest, testInstance = [null], testMethod = [null], testException = [null], mergedContextConfiguration = [WebMergedContextConfiguration@39a5f69e testClass = MemberRepositoryTest, locations = '{}', classes = '{class jpabook.jpashop.JpashopApplication}', contextInitializerClasses = '[]', activeProfiles = '{}', propertySourceLocations = '{}', propertySourceProperties = '{org.springframework.boot.test.context.SpringBootTestContextBootstrapper=true}', contextCustomizers = set[org.springframework.boot.test.autoconfigure.actuate.metrics.MetricsExportContextCustomizerFactory$DisableMetricExportContextCustomizer@643658b5, org.springframework.boot.test.autoconfigure.properties.PropertyMappingContextCustomizer@0, org.springframework.boot.test.autoconfigure.web.servlet.WebDriverContextCustomizerFactory$Customizer@410762e5, org.springframework.boot.test.context.filter.ExcludeFilterContextCustomizer@7e2b849e, org.springframework.boot.test.json.DuplicateJsonObjectContextCustomizerFactory$DuplicateJsonObjectContextCustomizer@73c957a0, org.springframework.boot.test.mock.mockito.MockitoContextCustomizer@0, org.springframework.boot.test.web.client.TestRestTemplateContextCustomizer@5d473775, org.springframework.boot.test.context.SpringBootTestArgs@1, org.springframework.boot.test.context.SpringBootTestWebEnvironment@475124], resourceBasePath = 'src/main/webapp', contextLoader = 'org.springframework.boot.test.context.SpringBootContextLoader', parent = [null]], attributes = map['org.springframework.test.context.web.ServletTestExecutionListener.activateListener' -> true]], class annotated with @DirtiesContext [false] with mode [null].
01:27:22.915 [Test worker] DEBUG org.springframework.test.annotation.ProfileValueUtils - Retrieved @ProfileValueSourceConfiguration [null] for test class [jpabook.jpashop.MemberRepositoryTest]
01:27:22.915 [Test worker] DEBUG org.springframework.test.annotation.ProfileValueUtils - Retrieved ProfileValueSource type [class org.springframework.test.annotation.SystemProfileValueSource] for class [jpabook.jpashop.MemberRepositoryTest]
01:27:22.940 [Test worker] DEBUG org.springframework.test.context.support.TestPropertySourceUtils - Adding inlined properties to environment: {spring.jmx.enabled=false, org.springframework.boot.test.context.SpringBootTestContextBootstrapper=true}

  .   ____          _            __ _ _
 /\\ / ___'_ __ _ _(_)_ __  __ _ \ \ \ \
( ( )\___ | '_ | '_| | '_ \/ _` | \ \ \ \
 \\/  ___)| |_)| | | | | || (_| |  ) ) ) )
  '  |____| .__|_| |_|_| |_\__, | / / / /
 =========|_|==============|___/=/_/_/_/
 :: Spring Boot ::                (v2.4.6)

2021-06-14 01:27:23.271  INFO 14200 --- [    Test worker] jpabook.jpashop.MemberRepositoryTest     : Starting MemberRepositoryTest using Java 15.0.3 on JUNY-DeskTop with PID 14200 (started by 주니하랑 in D:\01.Synology_Sync\개인자료\01.공부자료\02.IT\언어\인프런\실전! 스프링 부트와 JPA 활용 1 - 웹 애플리케이션 개발\SourceCode)
2021-06-14 01:27:23.273  INFO 14200 --- [    Test worker] jpabook.jpashop.MemberRepositoryTest     : No active profile set, falling back to default profiles: default
2021-06-14 01:27:23.892  INFO 14200 --- [    Test worker] .s.d.r.c.RepositoryConfigurationDelegate : Bootstrapping Spring Data JPA repositories in DEFAULT mode.
2021-06-14 01:27:23.908  INFO 14200 --- [    Test worker] .s.d.r.c.RepositoryConfigurationDelegate : Finished Spring Data repository scanning in 8 ms. Found 0 JPA repository interfaces.
2021-06-14 01:27:24.619  INFO 14200 --- [    Test worker] o.hibernate.jpa.internal.util.LogHelper  : HHH000204: Processing PersistenceUnitInfo [name: default]
2021-06-14 01:27:24.679  INFO 14200 --- [    Test worker] org.hibernate.Version                    : HHH000412: Hibernate ORM core version 5.4.31.Final
2021-06-14 01:27:24.829  INFO 14200 --- [    Test worker] o.hibernate.annotations.common.Version   : HCANN000001: Hibernate Commons Annotations {5.1.2.Final}
2021-06-14 01:27:24.863 DEBUG 14200 --- [    Test worker] org.hibernate.type.BasicTypeRegistry     : Adding type registration boolean -> org.hibernate.type.BooleanType@3c65382b
2021-06-14 01:27:24.863 DEBUG 14200 --- [    Test worker] org.hibernate.type.BasicTypeRegistry     : Adding type registration boolean -> org.hibernate.type.BooleanType@3c65382b
2021-06-14 01:27:24.863 DEBUG 14200 --- [    Test worker] org.hibernate.type.BasicTypeRegistry     : Adding type registration java.lang.Boolean -> org.hibernate.type.BooleanType@3c65382b
2021-06-14 01:27:24.864 DEBUG 14200 --- [    Test worker] org.hibernate.type.BasicTypeRegistry     : Adding type registration numeric_boolean -> org.hibernate.type.NumericBooleanType@5cf13531
2021-06-14 01:27:24.864 DEBUG 14200 --- [    Test worker] org.hibernate.type.BasicTypeRegistry     : Adding type registration true_false -> org.hibernate.type.TrueFalseType@25f73cde
2021-06-14 01:27:24.865 DEBUG 14200 --- [    Test worker] org.hibernate.type.BasicTypeRegistry     : Adding type registration yes_no -> org.hibernate.type.YesNoType@51e75d95
2021-06-14 01:27:24.866 DEBUG 14200 --- [    Test worker] org.hibernate.type.BasicTypeRegistry     : Adding type registration byte -> org.hibernate.type.ByteType@6110a771
2021-06-14 01:27:24.866 DEBUG 14200 --- [    Test worker] org.hibernate.type.BasicTypeRegistry     : Adding type registration byte -> org.hibernate.type.ByteType@6110a771
2021-06-14 01:27:24.866 DEBUG 14200 --- [    Test worker] org.hibernate.type.BasicTypeRegistry     : Adding type registration java.lang.Byte -> org.hibernate.type.ByteType@6110a771
2021-06-14 01:27:24.867 DEBUG 14200 --- [    Test worker] org.hibernate.type.BasicTypeRegistry     : Adding type registration character -> org.hibernate.type.CharacterType@7ddd585
2021-06-14 01:27:24.868 DEBUG 14200 --- [    Test worker] org.hibernate.type.BasicTypeRegistry     : Adding type registration char -> org.hibernate.type.CharacterType@7ddd585
2021-06-14 01:27:24.868 DEBUG 14200 --- [    Test worker] org.hibernate.type.BasicTypeRegistry     : Adding type registration java.lang.Character -> org.hibernate.type.CharacterType@7ddd585
2021-06-14 01:27:24.869 DEBUG 14200 --- [    Test worker] org.hibernate.type.BasicTypeRegistry     : Adding type registration short -> org.hibernate.type.ShortType@216e12a4
2021-06-14 01:27:24.869 DEBUG 14200 --- [    Test worker] org.hibernate.type.BasicTypeRegistry     : Adding type registration short -> org.hibernate.type.ShortType@216e12a4
2021-06-14 01:27:24.869 DEBUG 14200 --- [    Test worker] org.hibernate.type.BasicTypeRegistry     : Adding type registration java.lang.Short -> org.hibernate.type.ShortType@216e12a4
2021-06-14 01:27:24.870 DEBUG 14200 --- [    Test worker] org.hibernate.type.BasicTypeRegistry     : Adding type registration integer -> org.hibernate.type.IntegerType@33c7067e
2021-06-14 01:27:24.870 DEBUG 14200 --- [    Test worker] org.hibernate.type.BasicTypeRegistry     : Adding type registration int -> org.hibernate.type.IntegerType@33c7067e
2021-06-14 01:27:24.871 DEBUG 14200 --- [    Test worker] org.hibernate.type.BasicTypeRegistry     : Adding type registration java.lang.Integer -> org.hibernate.type.IntegerType@33c7067e
2021-06-14 01:27:24.872 DEBUG 14200 --- [    Test worker] org.hibernate.type.BasicTypeRegistry     : Adding type registration long -> org.hibernate.type.LongType@48794579
2021-06-14 01:27:24.872 DEBUG 14200 --- [    Test worker] org.hibernate.type.BasicTypeRegistry     : Adding type registration long -> org.hibernate.type.LongType@48794579
2021-06-14 01:27:24.872 DEBUG 14200 --- [    Test worker] org.hibernate.type.BasicTypeRegistry     : Adding type registration java.lang.Long -> org.hibernate.type.LongType@48794579
2021-06-14 01:27:24.873 DEBUG 14200 --- [    Test worker] org.hibernate.type.BasicTypeRegistry     : Adding type registration float -> org.hibernate.type.FloatType@106e8e76
2021-06-14 01:27:24.873 DEBUG 14200 --- [    Test worker] org.hibernate.type.BasicTypeRegistry     : Adding type registration float -> org.hibernate.type.FloatType@106e8e76
2021-06-14 01:27:24.873 DEBUG 14200 --- [    Test worker] org.hibernate.type.BasicTypeRegistry     : Adding type registration java.lang.Float -> org.hibernate.type.FloatType@106e8e76
2021-06-14 01:27:24.874 DEBUG 14200 --- [    Test worker] org.hibernate.type.BasicTypeRegistry     : Adding type registration double -> org.hibernate.type.DoubleType@493f371
2021-06-14 01:27:24.875 DEBUG 14200 --- [    Test worker] org.hibernate.type.BasicTypeRegistry     : Adding type registration double -> org.hibernate.type.DoubleType@493f371
2021-06-14 01:27:24.875 DEBUG 14200 --- [    Test worker] org.hibernate.type.BasicTypeRegistry     : Adding type registration java.lang.Double -> org.hibernate.type.DoubleType@493f371
2021-06-14 01:27:24.876 DEBUG 14200 --- [    Test worker] org.hibernate.type.BasicTypeRegistry     : Adding type registration big_decimal -> org.hibernate.type.BigDecimalType@1d0f9444
2021-06-14 01:27:24.876 DEBUG 14200 --- [    Test worker] org.hibernate.type.BasicTypeRegistry     : Adding type registration java.math.BigDecimal -> org.hibernate.type.BigDecimalType@1d0f9444
2021-06-14 01:27:24.877 DEBUG 14200 --- [    Test worker] org.hibernate.type.BasicTypeRegistry     : Adding type registration big_integer -> org.hibernate.type.BigIntegerType@5316a1f
2021-06-14 01:27:24.877 DEBUG 14200 --- [    Test worker] org.hibernate.type.BasicTypeRegistry     : Adding type registration java.math.BigInteger -> org.hibernate.type.BigIntegerType@5316a1f
2021-06-14 01:27:24.878 DEBUG 14200 --- [    Test worker] org.hibernate.type.BasicTypeRegistry     : Adding type registration string -> org.hibernate.type.StringType@229b9a00
2021-06-14 01:27:24.879 DEBUG 14200 --- [    Test worker] org.hibernate.type.BasicTypeRegistry     : Adding type registration java.lang.String -> org.hibernate.type.StringType@229b9a00
2021-06-14 01:27:24.879 DEBUG 14200 --- [    Test worker] org.hibernate.type.BasicTypeRegistry     : Adding type registration nstring -> org.hibernate.type.StringNVarcharType@17c1bfd
2021-06-14 01:27:24.880 DEBUG 14200 --- [    Test worker] org.hibernate.type.BasicTypeRegistry     : Adding type registration ncharacter -> org.hibernate.type.CharacterNCharType@16a38499
2021-06-14 01:27:24.881 DEBUG 14200 --- [    Test worker] org.hibernate.type.BasicTypeRegistry     : Adding type registration url -> org.hibernate.type.UrlType@2c230c0a
2021-06-14 01:27:24.882 DEBUG 14200 --- [    Test worker] org.hibernate.type.BasicTypeRegistry     : Adding type registration java.net.URL -> org.hibernate.type.UrlType@2c230c0a
2021-06-14 01:27:24.883 DEBUG 14200 --- [    Test worker] org.hibernate.type.BasicTypeRegistry     : Adding type registration Duration -> org.hibernate.type.DurationType@51351614
2021-06-14 01:27:24.883 DEBUG 14200 --- [    Test worker] org.hibernate.type.BasicTypeRegistry     : Adding type registration java.time.Duration -> org.hibernate.type.DurationType@51351614
2021-06-14 01:27:24.884 DEBUG 14200 --- [    Test worker] org.hibernate.type.BasicTypeRegistry     : Adding type registration Instant -> org.hibernate.type.InstantType@1398aad9
2021-06-14 01:27:24.884 DEBUG 14200 --- [    Test worker] org.hibernate.type.BasicTypeRegistry     : Adding type registration java.time.Instant -> org.hibernate.type.InstantType@1398aad9
2021-06-14 01:27:24.885 DEBUG 14200 --- [    Test worker] org.hibernate.type.BasicTypeRegistry     : Adding type registration LocalDateTime -> org.hibernate.type.LocalDateTimeType@96a61b1
2021-06-14 01:27:24.886 DEBUG 14200 --- [    Test worker] org.hibernate.type.BasicTypeRegistry     : Adding type registration java.time.LocalDateTime -> org.hibernate.type.LocalDateTimeType@96a61b1
2021-06-14 01:27:24.887 DEBUG 14200 --- [    Test worker] org.hibernate.type.BasicTypeRegistry     : Adding type registration LocalDate -> org.hibernate.type.LocalDateType@ab4c599
2021-06-14 01:27:24.887 DEBUG 14200 --- [    Test worker] org.hibernate.type.BasicTypeRegistry     : Adding type registration java.time.LocalDate -> org.hibernate.type.LocalDateType@ab4c599
2021-06-14 01:27:24.888 DEBUG 14200 --- [    Test worker] org.hibernate.type.BasicTypeRegistry     : Adding type registration LocalTime -> org.hibernate.type.LocalTimeType@24bf2c76
2021-06-14 01:27:24.888 DEBUG 14200 --- [    Test worker] org.hibernate.type.BasicTypeRegistry     : Adding type registration java.time.LocalTime -> org.hibernate.type.LocalTimeType@24bf2c76
2021-06-14 01:27:24.890 DEBUG 14200 --- [    Test worker] org.hibernate.type.BasicTypeRegistry     : Adding type registration OffsetDateTime -> org.hibernate.type.OffsetDateTimeType@3cba2743
2021-06-14 01:27:24.890 DEBUG 14200 --- [    Test worker] org.hibernate.type.BasicTypeRegistry     : Adding type registration java.time.OffsetDateTime -> org.hibernate.type.OffsetDateTimeType@3cba2743
2021-06-14 01:27:24.891 DEBUG 14200 --- [    Test worker] org.hibernate.type.BasicTypeRegistry     : Adding type registration OffsetTime -> org.hibernate.type.OffsetTimeType@409a20d0
2021-06-14 01:27:24.891 DEBUG 14200 --- [    Test worker] org.hibernate.type.BasicTypeRegistry     : Adding type registration java.time.OffsetTime -> org.hibernate.type.OffsetTimeType@409a20d0
2021-06-14 01:27:24.893 DEBUG 14200 --- [    Test worker] org.hibernate.type.BasicTypeRegistry     : Adding type registration ZonedDateTime -> org.hibernate.type.ZonedDateTimeType@1e2bf86e
2021-06-14 01:27:24.893 DEBUG 14200 --- [    Test worker] org.hibernate.type.BasicTypeRegistry     : Adding type registration java.time.ZonedDateTime -> org.hibernate.type.ZonedDateTimeType@1e2bf86e
2021-06-14 01:27:24.894 DEBUG 14200 --- [    Test worker] org.hibernate.type.BasicTypeRegistry     : Adding type registration date -> org.hibernate.type.DateType@2f80d423
2021-06-14 01:27:24.894 DEBUG 14200 --- [    Test worker] org.hibernate.type.BasicTypeRegistry     : Adding type registration java.sql.Date -> org.hibernate.type.DateType@2f80d423
2021-06-14 01:27:24.895 DEBUG 14200 --- [    Test worker] org.hibernate.type.BasicTypeRegistry     : Adding type registration time -> org.hibernate.type.TimeType@5094436f
2021-06-14 01:27:24.895 DEBUG 14200 --- [    Test worker] org.hibernate.type.BasicTypeRegistry     : Adding type registration java.sql.Time -> org.hibernate.type.TimeType@5094436f
2021-06-14 01:27:24.896 DEBUG 14200 --- [    Test worker] org.hibernate.type.BasicTypeRegistry     : Adding type registration timestamp -> org.hibernate.type.TimestampType@6eb1b79f
2021-06-14 01:27:24.897 DEBUG 14200 --- [    Test worker] org.hibernate.type.BasicTypeRegistry     : Adding type registration java.sql.Timestamp -> org.hibernate.type.TimestampType@6eb1b79f
2021-06-14 01:27:24.897 DEBUG 14200 --- [    Test worker] org.hibernate.type.BasicTypeRegistry     : Adding type registration java.util.Date -> org.hibernate.type.TimestampType@6eb1b79f
2021-06-14 01:27:24.898 DEBUG 14200 --- [    Test worker] org.hibernate.type.BasicTypeRegistry     : Adding type registration dbtimestamp -> org.hibernate.type.DbTimestampType@375b90d5
2021-06-14 01:27:24.899 DEBUG 14200 --- [    Test worker] org.hibernate.type.BasicTypeRegistry     : Adding type registration calendar -> org.hibernate.type.CalendarType@4a562e94
2021-06-14 01:27:24.899 DEBUG 14200 --- [    Test worker] org.hibernate.type.BasicTypeRegistry     : Adding type registration java.util.Calendar -> org.hibernate.type.CalendarType@4a562e94
2021-06-14 01:27:24.899 DEBUG 14200 --- [    Test worker] org.hibernate.type.BasicTypeRegistry     : Adding type registration java.util.GregorianCalendar -> org.hibernate.type.CalendarType@4a562e94
2021-06-14 01:27:24.900 DEBUG 14200 --- [    Test worker] org.hibernate.type.BasicTypeRegistry     : Adding type registration calendar_date -> org.hibernate.type.CalendarDateType@6af2e5f2
2021-06-14 01:27:24.901 DEBUG 14200 --- [    Test worker] org.hibernate.type.BasicTypeRegistry     : Adding type registration calendar_time -> org.hibernate.type.CalendarTimeType@199c64f2
2021-06-14 01:27:24.902 DEBUG 14200 --- [    Test worker] org.hibernate.type.BasicTypeRegistry     : Adding type registration locale -> org.hibernate.type.LocaleType@693b4a3a
2021-06-14 01:27:24.902 DEBUG 14200 --- [    Test worker] org.hibernate.type.BasicTypeRegistry     : Adding type registration java.util.Locale -> org.hibernate.type.LocaleType@693b4a3a
2021-06-14 01:27:24.903 DEBUG 14200 --- [    Test worker] org.hibernate.type.BasicTypeRegistry     : Adding type registration currency -> org.hibernate.type.CurrencyType@2da04e04
2021-06-14 01:27:24.903 DEBUG 14200 --- [    Test worker] org.hibernate.type.BasicTypeRegistry     : Adding type registration java.util.Currency -> org.hibernate.type.CurrencyType@2da04e04
2021-06-14 01:27:24.904 DEBUG 14200 --- [    Test worker] org.hibernate.type.BasicTypeRegistry     : Adding type registration timezone -> org.hibernate.type.TimeZoneType@205b4cbb
2021-06-14 01:27:24.905 DEBUG 14200 --- [    Test worker] org.hibernate.type.BasicTypeRegistry     : Adding type registration java.util.TimeZone -> org.hibernate.type.TimeZoneType@205b4cbb
2021-06-14 01:27:24.906 DEBUG 14200 --- [    Test worker] org.hibernate.type.BasicTypeRegistry     : Adding type registration class -> org.hibernate.type.ClassType@7dd4c25c
2021-06-14 01:27:24.906 DEBUG 14200 --- [    Test worker] org.hibernate.type.BasicTypeRegistry     : Adding type registration java.lang.Class -> org.hibernate.type.ClassType@7dd4c25c
2021-06-14 01:27:24.907 DEBUG 14200 --- [    Test worker] org.hibernate.type.BasicTypeRegistry     : Adding type registration uuid-binary -> org.hibernate.type.UUIDBinaryType@7698de13
2021-06-14 01:27:24.907 DEBUG 14200 --- [    Test worker] org.hibernate.type.BasicTypeRegistry     : Adding type registration java.util.UUID -> org.hibernate.type.UUIDBinaryType@7698de13
2021-06-14 01:27:24.908 DEBUG 14200 --- [    Test worker] org.hibernate.type.BasicTypeRegistry     : Adding type registration uuid-char -> org.hibernate.type.UUIDCharType@5e438e0a
2021-06-14 01:27:24.909 DEBUG 14200 --- [    Test worker] org.hibernate.type.BasicTypeRegistry     : Adding type registration binary -> org.hibernate.type.BinaryType@2336ed6b
2021-06-14 01:27:24.909 DEBUG 14200 --- [    Test worker] org.hibernate.type.BasicTypeRegistry     : Adding type registration byte[] -> org.hibernate.type.BinaryType@2336ed6b
2021-06-14 01:27:24.909 DEBUG 14200 --- [    Test worker] org.hibernate.type.BasicTypeRegistry     : Adding type registration [B -> org.hibernate.type.BinaryType@2336ed6b
2021-06-14 01:27:24.910 DEBUG 14200 --- [    Test worker] org.hibernate.type.BasicTypeRegistry     : Adding type registration wrapper-binary -> org.hibernate.type.WrapperBinaryType@130535a6
2021-06-14 01:27:24.910 DEBUG 14200 --- [    Test worker] org.hibernate.type.BasicTypeRegistry     : Adding type registration Byte[] -> org.hibernate.type.WrapperBinaryType@130535a6
2021-06-14 01:27:24.910 DEBUG 14200 --- [    Test worker] org.hibernate.type.BasicTypeRegistry     : Adding type registration [Ljava.lang.Byte; -> org.hibernate.type.WrapperBinaryType@130535a6
2021-06-14 01:27:24.911 DEBUG 14200 --- [    Test worker] org.hibernate.type.BasicTypeRegistry     : Adding type registration row_version -> org.hibernate.type.RowVersionType@30247671
2021-06-14 01:27:24.912 DEBUG 14200 --- [    Test worker] org.hibernate.type.BasicTypeRegistry     : Adding type registration image -> org.hibernate.type.ImageType@2362e8b8
2021-06-14 01:27:24.913 DEBUG 14200 --- [    Test worker] org.hibernate.type.BasicTypeRegistry     : Adding type registration characters -> org.hibernate.type.CharArrayType@5d66e5e5
2021-06-14 01:27:24.913 DEBUG 14200 --- [    Test worker] org.hibernate.type.BasicTypeRegistry     : Adding type registration char[] -> org.hibernate.type.CharArrayType@5d66e5e5
2021-06-14 01:27:24.913 DEBUG 14200 --- [    Test worker] org.hibernate.type.BasicTypeRegistry     : Adding type registration [C -> org.hibernate.type.CharArrayType@5d66e5e5
2021-06-14 01:27:24.914 DEBUG 14200 --- [    Test worker] org.hibernate.type.BasicTypeRegistry     : Adding type registration wrapper-characters -> org.hibernate.type.CharacterArrayType@57eb12fe
2021-06-14 01:27:24.914 DEBUG 14200 --- [    Test worker] org.hibernate.type.BasicTypeRegistry     : Adding type registration [Ljava.lang.Character; -> org.hibernate.type.CharacterArrayType@57eb12fe
2021-06-14 01:27:24.914 DEBUG 14200 --- [    Test worker] org.hibernate.type.BasicTypeRegistry     : Adding type registration Character[] -> org.hibernate.type.CharacterArrayType@57eb12fe
2021-06-14 01:27:24.915 DEBUG 14200 --- [    Test worker] org.hibernate.type.BasicTypeRegistry     : Adding type registration text -> org.hibernate.type.TextType@3a48d5f0
2021-06-14 01:27:24.915 DEBUG 14200 --- [    Test worker] org.hibernate.type.BasicTypeRegistry     : Adding type registration ntext -> org.hibernate.type.NTextType@7a3e7a39
2021-06-14 01:27:24.916 DEBUG 14200 --- [    Test worker] org.hibernate.type.BasicTypeRegistry     : Adding type registration blob -> org.hibernate.type.BlobType@700fd5ca
2021-06-14 01:27:24.916 DEBUG 14200 --- [    Test worker] org.hibernate.type.BasicTypeRegistry     : Adding type registration java.sql.Blob -> org.hibernate.type.BlobType@700fd5ca
2021-06-14 01:27:24.917 DEBUG 14200 --- [    Test worker] org.hibernate.type.BasicTypeRegistry     : Adding type registration materialized_blob -> org.hibernate.type.MaterializedBlobType@182b596d
2021-06-14 01:27:24.918 DEBUG 14200 --- [    Test worker] org.hibernate.type.BasicTypeRegistry     : Adding type registration clob -> org.hibernate.type.ClobType@243e1f71
2021-06-14 01:27:24.918 DEBUG 14200 --- [    Test worker] org.hibernate.type.BasicTypeRegistry     : Adding type registration java.sql.Clob -> org.hibernate.type.ClobType@243e1f71
2021-06-14 01:27:24.920 DEBUG 14200 --- [    Test worker] org.hibernate.type.BasicTypeRegistry     : Adding type registration nclob -> org.hibernate.type.NClobType@34cef424
2021-06-14 01:27:24.920 DEBUG 14200 --- [    Test worker] org.hibernate.type.BasicTypeRegistry     : Adding type registration java.sql.NClob -> org.hibernate.type.NClobType@34cef424
2021-06-14 01:27:24.921 DEBUG 14200 --- [    Test worker] org.hibernate.type.BasicTypeRegistry     : Adding type registration materialized_clob -> org.hibernate.type.MaterializedClobType@c8c8ab6
2021-06-14 01:27:24.921 DEBUG 14200 --- [    Test worker] org.hibernate.type.BasicTypeRegistry     : Adding type registration materialized_nclob -> org.hibernate.type.MaterializedNClobType@6919e760
2021-06-14 01:27:24.922 DEBUG 14200 --- [    Test worker] org.hibernate.type.BasicTypeRegistry     : Adding type registration serializable -> org.hibernate.type.SerializableType@52d4fe1a
2021-06-14 01:27:24.925 DEBUG 14200 --- [    Test worker] org.hibernate.type.BasicTypeRegistry     : Adding type registration object -> org.hibernate.type.ObjectType@5c74f338
2021-06-14 01:27:24.925 DEBUG 14200 --- [    Test worker] org.hibernate.type.BasicTypeRegistry     : Adding type registration java.lang.Object -> org.hibernate.type.ObjectType@5c74f338
2021-06-14 01:27:24.926 DEBUG 14200 --- [    Test worker] org.hibernate.type.BasicTypeRegistry     : Adding type registration imm_date -> org.hibernate.type.AdaptedImmutableType@38957d9c
2021-06-14 01:27:24.926 DEBUG 14200 --- [    Test worker] org.hibernate.type.BasicTypeRegistry     : Adding type registration imm_time -> org.hibernate.type.AdaptedImmutableType@35c2762
2021-06-14 01:27:24.926 DEBUG 14200 --- [    Test worker] org.hibernate.type.BasicTypeRegistry     : Adding type registration imm_timestamp -> org.hibernate.type.AdaptedImmutableType@35fe7ee2
2021-06-14 01:27:24.926 DEBUG 14200 --- [    Test worker] org.hibernate.type.BasicTypeRegistry     : Adding type registration imm_dbtimestamp -> org.hibernate.type.AdaptedImmutableType@6b7ca739
2021-06-14 01:27:24.926 DEBUG 14200 --- [    Test worker] org.hibernate.type.BasicTypeRegistry     : Adding type registration imm_calendar -> org.hibernate.type.AdaptedImmutableType@78965e57
2021-06-14 01:27:24.926 DEBUG 14200 --- [    Test worker] org.hibernate.type.BasicTypeRegistry     : Adding type registration imm_calendar_date -> org.hibernate.type.AdaptedImmutableType@1a930110
2021-06-14 01:27:24.926 DEBUG 14200 --- [    Test worker] org.hibernate.type.BasicTypeRegistry     : Adding type registration imm_binary -> org.hibernate.type.AdaptedImmutableType@5c5c65ce
2021-06-14 01:27:24.926 DEBUG 14200 --- [    Test worker] org.hibernate.type.BasicTypeRegistry     : Adding type registration imm_serializable -> org.hibernate.type.AdaptedImmutableType@52175413
2021-06-14 01:27:24.974  INFO 14200 --- [    Test worker] com.zaxxer.hikari.HikariDataSource       : HikariPool-1 - Starting...
2021-06-14 01:27:25.030  INFO 14200 --- [    Test worker] com.zaxxer.hikari.HikariDataSource       : HikariPool-1 - Start completed.
2021-06-14 01:27:25.065  INFO 14200 --- [    Test worker] org.hibernate.dialect.Dialect            : HHH000400: Using dialect: org.hibernate.dialect.H2Dialect
2021-06-14 01:27:25.126 DEBUG 14200 --- [    Test worker] o.h.type.spi.TypeConfiguration$Scope     : Scoping TypeConfiguration [org.hibernate.type.spi.TypeConfiguration@2f7d3178] to MetadataBuildingContext [org.hibernate.boot.internal.MetadataBuildingContextRootImpl@23ceea15]
2021-06-14 01:27:25.368 DEBUG 14200 --- [    Test worker] o.h.type.spi.TypeConfiguration$Scope     : Scoping TypeConfiguration [org.hibernate.type.spi.TypeConfiguration@2f7d3178] to SessionFactoryImpl [org.hibernate.internal.SessionFactoryImpl@59a549e5]
2021-06-14 01:27:25.646 DEBUG 14200 --- [    Test worker] org.hibernate.SQL                        : 
    
    drop table if exists member CASCADE 
2021-06-14 01:27:25.648  INFO 14200 --- [    Test worker] p6spy                                    : #1623601645648 | took 0ms | statement | connection 1| url jdbc:h2:tcp://localhost/~/test

    drop table if exists member CASCADE 

    drop table if exists member CASCADE ;
2021-06-14 01:27:25.649 DEBUG 14200 --- [    Test worker] org.hibernate.SQL                        : 
    
    drop sequence if exists hibernate_sequence
2021-06-14 01:27:25.649  INFO 14200 --- [    Test worker] p6spy                                    : #1623601645649 | took 0ms | statement | connection 1| url jdbc:h2:tcp://localhost/~/test

    drop sequence if exists hibernate_sequence

    drop sequence if exists hibernate_sequence;
2021-06-14 01:27:25.652 DEBUG 14200 --- [    Test worker] org.hibernate.SQL                        : create sequence hibernate_sequence start with 1 increment by 1
2021-06-14 01:27:25.652  INFO 14200 --- [    Test worker] p6spy                                    : #1623601645652 | took 0ms | statement | connection 2| url jdbc:h2:tcp://localhost/~/test
create sequence hibernate_sequence start with 1 increment by 1
create sequence hibernate_sequence start with 1 increment by 1;
2021-06-14 01:27:25.653 DEBUG 14200 --- [    Test worker] org.hibernate.SQL                        : 
    
    create table member (
       id bigint not null,
        username varchar(255),
        primary key (id)
    )
2021-06-14 01:27:25.654  INFO 14200 --- [    Test worker] p6spy                                    : #1623601645654 | took 0ms | statement | connection 2| url jdbc:h2:tcp://localhost/~/test

    create table member (
       id bigint not null,
        username varchar(255),
        primary key (id)
    )

    create table member (
       id bigint not null,
        username varchar(255),
        primary key (id)
    );
2021-06-14 01:27:25.656  INFO 14200 --- [    Test worker] o.h.e.t.j.p.i.JtaPlatformInitiator       : HHH000490: Using JtaPlatform implementation: [org.hibernate.engine.transaction.jta.platform.internal.NoJtaPlatform]
2021-06-14 01:27:25.664 TRACE 14200 --- [    Test worker] o.h.type.spi.TypeConfiguration$Scope     : Handling #sessionFactoryCreated from [org.hibernate.internal.SessionFactoryImpl@59a549e5] for TypeConfiguration
2021-06-14 01:27:25.666  INFO 14200 --- [    Test worker] j.LocalContainerEntityManagerFactoryBean : Initialized JPA EntityManagerFactory for persistence unit 'default'
2021-06-14 01:27:25.897  WARN 14200 --- [    Test worker] JpaBaseConfiguration$JpaWebConfiguration : spring.jpa.open-in-view is enabled by default. Therefore, database queries may be performed during view rendering. Explicitly configure spring.jpa.open-in-view to disable this warning
2021-06-14 01:27:26.185  INFO 14200 --- [    Test worker] o.s.b.a.w.s.WelcomePageHandlerMapping    : Adding welcome page: class path resource [static/index.html]
2021-06-14 01:27:26.483  INFO 14200 --- [    Test worker] jpabook.jpashop.MemberRepositoryTest     : Started MemberRepositoryTest in 3.536 seconds (JVM running for 4.741)
2021-06-14 01:27:26.563  INFO 14200 --- [    Test worker] o.s.t.c.transaction.TransactionContext   : Began transaction (1) for test context [DefaultTestContext@197fb943 testClass = MemberRepositoryTest, testInstance = jpabook.jpashop.MemberRepositoryTest@1701a7eb, testMethod = testMember@MemberRepositoryTest, testException = [null], mergedContextConfiguration = [WebMergedContextConfiguration@39a5f69e testClass = MemberRepositoryTest, locations = '{}', classes = '{class jpabook.jpashop.JpashopApplication}', contextInitializerClasses = '[]', activeProfiles = '{}', propertySourceLocations = '{}', propertySourceProperties = '{org.springframework.boot.test.context.SpringBootTestContextBootstrapper=true}', contextCustomizers = set[org.springframework.boot.test.autoconfigure.actuate.metrics.MetricsExportContextCustomizerFactory$DisableMetricExportContextCustomizer@643658b5, org.springframework.boot.test.autoconfigure.properties.PropertyMappingContextCustomizer@0, org.springframework.boot.test.autoconfigure.web.servlet.WebDriverContextCustomizerFactory$Customizer@410762e5, org.springframework.boot.test.context.filter.ExcludeFilterContextCustomizer@7e2b849e, org.springframework.boot.test.json.DuplicateJsonObjectContextCustomizerFactory$DuplicateJsonObjectContextCustomizer@73c957a0, org.springframework.boot.test.mock.mockito.MockitoContextCustomizer@0, org.springframework.boot.test.web.client.TestRestTemplateContextCustomizer@5d473775, org.springframework.boot.test.context.SpringBootTestArgs@1, org.springframework.boot.test.context.SpringBootTestWebEnvironment@475124], resourceBasePath = 'src/main/webapp', contextLoader = 'org.springframework.boot.test.context.SpringBootContextLoader', parent = [null]], attributes = map['org.springframework.test.context.web.ServletTestExecutionListener.activateListener' -> true, 'org.springframework.test.context.web.ServletTestExecutionListener.populatedRequestContextHolder' -> true, 'org.springframework.test.context.web.ServletTestExecutionListener.resetRequestContextHolder' -> true, 'org.springframework.test.context.event.ApplicationEventsTestExecutionListener.recordApplicationEvents' -> false]]; transaction manager [org.springframework.orm.jpa.JpaTransactionManager@3fd60269]; rollback [false]
2021-06-14 01:27:26.708 DEBUG 14200 --- [    Test worker] org.hibernate.SQL                        : 
    call next value for hibernate_sequence
2021-06-14 01:27:26.714  INFO 14200 --- [    Test worker] p6spy                                    : #1623601646714 | took 2ms | statement | connection 3| url jdbc:h2:tcp://localhost/~/test
call next value for hibernate_sequence
call next value for hibernate_sequence;
2021-06-14 01:27:26.798 DEBUG 14200 --- [    Test worker] org.hibernate.SQL                        : 
    insert 
    into
        member
        (username, id) 
    values
        (?, ?)
2021-06-14 01:27:26.800 TRACE 14200 --- [    Test worker] o.h.type.descriptor.sql.BasicBinder      : binding parameter [1] as [VARCHAR] - [memberA]
2021-06-14 01:27:26.801 TRACE 14200 --- [    Test worker] o.h.type.descriptor.sql.BasicBinder      : binding parameter [2] as [BIGINT] - [1]
2021-06-14 01:27:26.801  INFO 14200 --- [    Test worker] p6spy                                    : #1623601646801 | took 0ms | statement | connection 3| url jdbc:h2:tcp://localhost/~/test
insert into member (username, id) values (?, ?)
insert into member (username, id) values ('memberA', 1);
2021-06-14 01:27:26.803  INFO 14200 --- [    Test worker] p6spy                                    : #1623601646803 | took 0ms | commit | connection 3| url jdbc:h2:tcp://localhost/~/test

;
2021-06-14 01:27:26.804  INFO 14200 --- [    Test worker] o.s.t.c.transaction.TransactionContext   : Committed transaction for test: [DefaultTestContext@197fb943 testClass = MemberRepositoryTest, testInstance = jpabook.jpashop.MemberRepositoryTest@1701a7eb, testMethod = testMember@MemberRepositoryTest, testException = [null], mergedContextConfiguration = [WebMergedContextConfiguration@39a5f69e testClass = MemberRepositoryTest, locations = '{}', classes = '{class jpabook.jpashop.JpashopApplication}', contextInitializerClasses = '[]', activeProfiles = '{}', propertySourceLocations = '{}', propertySourceProperties = '{org.springframework.boot.test.context.SpringBootTestContextBootstrapper=true}', contextCustomizers = set[org.springframework.boot.test.autoconfigure.actuate.metrics.MetricsExportContextCustomizerFactory$DisableMetricExportContextCustomizer@643658b5, org.springframework.boot.test.autoconfigure.properties.PropertyMappingContextCustomizer@0, org.springframework.boot.test.autoconfigure.web.servlet.WebDriverContextCustomizerFactory$Customizer@410762e5, org.springframework.boot.test.context.filter.ExcludeFilterContextCustomizer@7e2b849e, org.springframework.boot.test.json.DuplicateJsonObjectContextCustomizerFactory$DuplicateJsonObjectContextCustomizer@73c957a0, org.springframework.boot.test.mock.mockito.MockitoContextCustomizer@0, org.springframework.boot.test.web.client.TestRestTemplateContextCustomizer@5d473775, org.springframework.boot.test.context.SpringBootTestArgs@1, org.springframework.boot.test.context.SpringBootTestWebEnvironment@475124], resourceBasePath = 'src/main/webapp', contextLoader = 'org.springframework.boot.test.context.SpringBootContextLoader', parent = [null]], attributes = map['org.springframework.test.context.web.ServletTestExecutionListener.activateListener' -> true, 'org.springframework.test.context.web.ServletTestExecutionListener.populatedRequestContextHolder' -> true, 'org.springframework.test.context.web.ServletTestExecutionListener.resetRequestContextHolder' -> true, 'org.springframework.test.context.event.ApplicationEventsTestExecutionListener.recordApplicationEvents' -> false]]
]]></system-out>
  <system-err><![CDATA[]]></system-err>
</testsuite>
